[debug] [2025-03-28T19:46:22.809Z] ----------------------------------------------------------------------
[debug] [2025-03-28T19:46:22.811Z] Command:       C:\Program Files\nodejs\node.exe C:\Users\Takashi\AppData\Roaming\npm\node_modules\firebase-tools\lib\bin\firebase.js emulators:start --only functions
[debug] [2025-03-28T19:46:22.811Z] CLI Version:   13.35.1
[debug] [2025-03-28T19:46:22.811Z] Platform:      win32
[debug] [2025-03-28T19:46:22.811Z] Node Version:  v22.13.0
[debug] [2025-03-28T19:46:22.811Z] Time:          Fri Mar 28 2025 16:46:22 GMT-0300 (Horário Padrão de Brasília)
[debug] [2025-03-28T19:46:22.812Z] ----------------------------------------------------------------------
[debug] 
[debug] [2025-03-28T19:46:22.815Z] >>> [apiv2][query] GET https://firebase-public.firebaseio.com/cli.json [none]
[debug] [2025-03-28T19:46:23.007Z] > command requires scopes: ["email","openid","https://www.googleapis.com/auth/cloudplatformprojects.readonly","https://www.googleapis.com/auth/firebase","https://www.googleapis.com/auth/cloud-platform"]
[debug] [2025-03-28T19:46:23.008Z] > authorizing via signed-in user (ygortn14@gmail.com)
[info] i  emulators: Starting emulators: functions {"metadata":{"emulator":{"name":"hub"},"message":"Starting emulators: functions"}}
[debug] [2025-03-28T19:46:23.022Z] [logging] Logging Emulator only supports listening on one address (127.0.0.1). Not listening on ::1
[debug] [2025-03-28T19:46:23.022Z] assigned listening specs for emulators {"user":{"hub":[{"address":"127.0.0.1","family":"IPv4","port":4400},{"address":"::1","family":"IPv6","port":4400}],"ui":[{"address":"127.0.0.1","family":"IPv4","port":4000},{"address":"::1","family":"IPv6","port":4000}],"logging":[{"address":"127.0.0.1","family":"IPv4","port":4500}]},"metadata":{"message":"assigned listening specs for emulators"}}
[debug] [2025-03-28T19:46:23.030Z] [hub] writing locator at C:\Users\Takashi\AppData\Local\Temp\hub-e-commercenishi-19c87.json
[debug] [2025-03-28T19:46:23.058Z] [functions] Functions Emulator only supports listening on one address (127.0.0.1). Not listening on ::1
[debug] [2025-03-28T19:46:23.058Z] [eventarc] Eventarc Emulator only supports listening on one address (127.0.0.1). Not listening on ::1
[debug] [2025-03-28T19:46:23.058Z] [tasks] Cloud Tasks Emulator only supports listening on one address (127.0.0.1). Not listening on ::1
[debug] [2025-03-28T19:46:23.058Z] late-assigned ports for functions and eventarc emulators {"user":{"hub":[{"address":"127.0.0.1","family":"IPv4","port":4400},{"address":"::1","family":"IPv6","port":4400}],"ui":[{"address":"127.0.0.1","family":"IPv4","port":4000},{"address":"::1","family":"IPv6","port":4000}],"logging":[{"address":"127.0.0.1","family":"IPv4","port":4500}],"functions":[{"address":"127.0.0.1","family":"IPv4","port":5001}],"eventarc":[{"address":"127.0.0.1","family":"IPv4","port":9299}],"tasks":[{"address":"127.0.0.1","family":"IPv4","port":9499}]},"metadata":{"message":"late-assigned ports for functions and eventarc emulators"}}
[warn] !  functions: The following emulators are not running, calls to these services from the Functions emulator will affect production: apphosting, auth, firestore, database, hosting, pubsub, storage, dataconnect {"metadata":{"emulator":{"name":"functions"},"message":"The following emulators are not running, calls to these services from the Functions emulator will affect production: \u001b[1mapphosting, auth, firestore, database, hosting, pubsub, storage, dataconnect\u001b[22m"}}
[debug] [2025-03-28T19:46:23.074Z] defaultcredentials: writing to file C:\Users\Takashi\AppData\Roaming\firebase\ygortn14_gmail_com_application_default_credentials.json
[debug] [2025-03-28T19:46:23.076Z] Setting GAC to C:\Users\Takashi\AppData\Roaming\firebase\ygortn14_gmail_com_application_default_credentials.json {"metadata":{"emulator":{"name":"functions"},"message":"Setting GAC to C:\\Users\\Takashi\\AppData\\Roaming\\firebase\\ygortn14_gmail_com_application_default_credentials.json"}}
[debug] [2025-03-28T19:46:23.076Z] Checked if tokens are valid: false, expires at: 1743085224978
[debug] [2025-03-28T19:46:23.077Z] Checked if tokens are valid: false, expires at: 1743085224978
[debug] [2025-03-28T19:46:23.077Z] > refreshing access token with scopes: []
[debug] [2025-03-28T19:46:23.077Z] >>> [apiv2][query] POST https://www.googleapis.com/oauth2/v3/token [none]
[debug] [2025-03-28T19:46:23.077Z] >>> [apiv2][body] POST https://www.googleapis.com/oauth2/v3/token [omitted]
[debug] [2025-03-28T19:46:23.344Z] <<< [apiv2][status] GET https://firebase-public.firebaseio.com/cli.json 200
[debug] [2025-03-28T19:46:23.345Z] <<< [apiv2][body] GET https://firebase-public.firebaseio.com/cli.json {"cloudBuildErrorAfter":1594252800000,"cloudBuildWarnAfter":1590019200000,"defaultNode10After":1594252800000,"minVersion":"3.0.5","node8DeploysDisabledAfter":1613390400000,"node8RuntimeDisabledAfter":1615809600000,"node8WarnAfter":1600128000000}
[debug] [2025-03-28T19:46:23.363Z] <<< [apiv2][status] POST https://www.googleapis.com/oauth2/v3/token 200
[debug] [2025-03-28T19:46:23.363Z] <<< [apiv2][body] POST https://www.googleapis.com/oauth2/v3/token [omitted]
[debug] [2025-03-28T19:46:23.367Z] >>> [apiv2][query] GET https://firebase.googleapis.com/v1beta1/projects/e-commercenishi-19c87/adminSdkConfig [none]
[debug] [2025-03-28T19:46:23.888Z] <<< [apiv2][status] GET https://firebase.googleapis.com/v1beta1/projects/e-commercenishi-19c87/adminSdkConfig 200
[debug] [2025-03-28T19:46:23.889Z] <<< [apiv2][body] GET https://firebase.googleapis.com/v1beta1/projects/e-commercenishi-19c87/adminSdkConfig {"projectId":"e-commercenishi-19c87","storageBucket":"e-commercenishi-19c87.firebasestorage.app"}
[info] i  functions: Watching "C:\Users\Takashi\Desktop\Projetos\NodeCourse\ecommerce-api\functions" for Cloud Functions... {"metadata":{"emulator":{"name":"functions"},"message":"Watching \"C:\\Users\\Takashi\\Desktop\\Projetos\\NodeCourse\\ecommerce-api\\functions\" for Cloud Functions..."}}
[debug] [2025-03-28T19:46:23.913Z] Validating nodejs source
[debug] [2025-03-28T19:46:24.574Z] > [functions] package.json contents: {
  "name": "functions",
  "version": "1.0.0",
  "type": "module",
  "main": "./lib/index.js",
  "scripts": {
    "lint": "npx eslint .",
    "build": "tsc",
    "build:watch": "tsc --watch",
    "start": "firebase emulators:start --only functions",
    "deploy": "npm run lint && npm run build && firebase deploy --only functions",
    "logs": "firebase functions:log"
  },
  "engines": {
    "node": "22"
  },
  "dependencies": {
    "celebrate": "^15.0.3",
    "dayjs": "^1.11.13",
    "express": "^4.19.2",
    "express-async-handler": "^1.2.0",
    "file-type": "^19.5.0",
    "firebase": "^10.13.1",
    "firebase-admin": "^13.2.0",
    "firebase-functions": "^6.3.2"
  },
  "devDependencies": {
    "@eslint/js": "^9.23.0",
    "@types/express": "^4.17.21",
    "@types/node": "^22.4.1",
    "eslint": "^9.23.0",
    "firebase-functions-test": "^3.1.0",
    "globals": "^16.0.0",
    "typescript": "^4.9.5",
    "typescript-eslint": "^8.28.0"
  },
  "private": true
}
[debug] [2025-03-28T19:46:24.575Z] Building nodejs source
[debug] [2025-03-28T19:46:24.575Z] Failed to find version of module node: reached end of search path C:\Users\Takashi\Desktop\Projetos\NodeCourse\ecommerce-api\functions\node_modules
[info] +  functions: Using node@22 from host. 
[info] i  functions: Loaded environment variables from .env. 
[debug] [2025-03-28T19:46:24.578Z] Could not find functions.yaml. Must use http discovery
[debug] [2025-03-28T19:46:24.583Z] Found firebase-functions binary at 'C:\Users\Takashi\Desktop\Projetos\NodeCourse\ecommerce-api\functions\node_modules\.bin\firebase-functions'
